<html>
<body>
<pre>
<h1>µVision Build Log</h1>
<h2>Tool Versions:</h2>
IDE-Version: µVision V5.27.1.0
Copyright (C) 2019 ARM Ltd and ARM Germany GmbH. All rights reserved.
License Information: Valentin BEYNARD, CPE Lyon, LIC=BU3WG-V4SJE-L5XQ4-TS5ZQ-WVZY4-PS1SI
 
Tool Versions:
Toolchain:       PK51 Prof. Developers Kit for SiLabs  Version: 9.55
Toolchain Path:  C:\Keil_v5\C51\BIN
C Compiler:      C51.exe V9.55
Assembler:       A51.exe V8.02c
Linker/Locator:  BL51.exe V6.22
Library Manager: LIB51.exe V4.30.1.0
Hex Converter:   OH51.exe V2.7.0.0
CPU DLL:         S8051.DLL V3.101.0.0
Dialog DLL:      DCYG.DLL V2.73.0.0
Target DLL:      SiC8051F.dll V4.4.0.0
Dialog DLL:      TCYG.DLL V2.70
 
<h2>Project:</h2>
F:\Mes Documents\GitHub\-CPE-Lyon-RobotSem819\8051- Master\robot_V1.uvproj
Project File Date:  05/05/2019

<h2>Output:</h2>
Rebuild target 'Target 1'
assembling STARTUP.A51...
compiling commands.c...
compiling commands_parser.c...
src\commands_parser.c(114): warning C182: pointer to different objects
src\commands_parser.c(411): warning C182: pointer to different objects
compiling main.c...
src\main.c(150): warning C206: 'Init_ADC0': missing function-prototype
src\main.c(131): warning C280: 'mes': unreferenced local variable
compiling serializer.c...
compiling motion.c...
compiling distance_detector.c...
src\distance_detector.c(201): warning C280: 'smallest_measure': unreferenced local variable
src\distance_detector.c(202): warning C280: 'angle_obs': unreferenced local variable
src\distance_detector.c(263): warning C182: pointer to different objects
compiling spi_master.c...
src\spi_master.c(121): warning C182: pointer to different objects
src\spi_master.c(208): warning C280: 'cmd': unreferenced local variable
src\spi_master.c(238): warning C280: 'cmd': unreferenced local variable
compiling power_sensor.c...
src\power_sensor.c(14): warning C206: 'config_ADC': missing function-prototype
src\power_sensor.c(24): warning C206: 'strcmp': missing function-prototype
src\power_sensor.c(24): error C267: 'strcmp': requires ANSI-style prototype
src\power_sensor.c(24): error C141: syntax error near '{'
compiling adc.c...
Target not created.
Build Time Elapsed:  00:00:01
</pre>
</body>
</html>
